2015-11-10 15:26:56 10fc InnoDB: Warning: Using innodb_additional_mem_pool_size is DEPRECATED. This option may be removed in future releases, together with the option innodb_use_sys_malloc and with the InnoDB's internal memory allocator.
2015-11-10 15:26:56 4348 [Note] InnoDB: Using mutexes to ref count buffer pool pages
2015-11-10 15:26:56 4348 [Note] InnoDB: The InnoDB memory heap is disabled
2015-11-10 15:26:56 4348 [Note] InnoDB: Mutexes and rw_locks use Windows interlocked functions
2015-11-10 15:26:56 4348 [Note] InnoDB: Memory barrier is not used
2015-11-10 15:26:56 4348 [Note] InnoDB: Compressed tables use zlib 1.2.3
2015-11-10 15:26:56 4348 [Note] InnoDB: Not using CPU crc32 instructions
2015-11-10 15:26:56 4348 [Note] InnoDB: Initializing buffer pool, size = 16.0M
2015-11-10 15:26:56 4348 [Note] InnoDB: Completed initialization of buffer pool
2015-11-10 15:26:56 4348 [Note] InnoDB: Highest supported file format is Barracuda.
2015-11-10 15:26:57 4348 [Note] InnoDB: 128 rollback segment(s) are active.
2015-11-10 15:26:57 4348 [Note] InnoDB: Waiting for purge to start
2015-11-10 15:26:57 4348 [Note] InnoDB:  Percona XtraDB (http://www.percona.com) 5.6.26-74.0 started; log sequence number 1835027
2015-11-10 15:26:57 6140 [Note] InnoDB: Dumping buffer pool(s) not yet started
2015-11-10 15:26:57 4348 [Note] Plugin 'FEEDBACK' is disabled.
2015-11-10 15:26:57 4348 [Note] Server socket created on IP: '::'.
2015-11-10 15:26:57 4348 [Note] Event Scheduler: Loaded 0 events
2015-11-10 15:26:57 4348 [Note] C:\xampp\mysql\bin\mysqld.exe: ready for connections.
Version: '10.1.8-MariaDB'  socket: ''  port: 3306  mariadb.org binary distribution
2015-11-10 15:27:11 5152 [Note] C:\xampp\mysql\bin\mysqld.exe: Normal shutdown

2015-11-10 15:27:11 5152 [Note] Event Scheduler: Purging the queue. 0 events
2015-11-10 15:27:11 5732 [Note] InnoDB: FTS optimize thread exiting.
2015-11-10 15:27:11 5152 [Note] InnoDB: Starting shutdown...
2015-11-10 15:27:13 5152 [Note] InnoDB: Shutdown completed; log sequence number 1835037
2015-11-10 15:27:13 5152 [Note] C:\xampp\mysql\bin\mysqld.exe: Shutdown complete

2018-09-12 13:30:33 1ad4 InnoDB: Warning: Using innodb_additional_mem_pool_size is DEPRECATED. This option may be removed in future releases, together with the option innodb_use_sys_malloc and with the InnoDB's internal memory allocator.
2018-09-12 13:30:33 6868 [Note] InnoDB: innodb_empty_free_list_algorithm has been changed to legacy because of small buffer pool size. In order to use backoff, increase buffer pool at least up to 20MB.

2018-09-12 13:30:33 6868 [Note] InnoDB: Using mutexes to ref count buffer pool pages
2018-09-12 13:30:33 6868 [Note] InnoDB: The InnoDB memory heap is disabled
2018-09-12 13:30:33 6868 [Note] InnoDB: Mutexes and rw_locks use Windows interlocked functions
2018-09-12 13:30:33 6868 [Note] InnoDB: _mm_lfence() and _mm_sfence() are used for memory barrier
2018-09-12 13:30:33 6868 [Note] InnoDB: Compressed tables use zlib 1.2.3
2018-09-12 13:30:33 6868 [Note] InnoDB: Using generic crc32 instructions
2018-09-12 13:30:33 6868 [Note] InnoDB: Initializing buffer pool, size = 16.0M
2018-09-12 13:30:33 6868 [Note] InnoDB: Completed initialization of buffer pool
2018-09-12 13:30:33 6868 [Note] InnoDB: Highest supported file format is Barracuda.
2018-09-12 13:30:33 6868 [Note] InnoDB: 128 rollback segment(s) are active.
2018-09-12 13:30:33 6868 [Note] InnoDB: Waiting for purge to start
2018-09-12 13:30:33 6868 [Note] InnoDB:  Percona XtraDB (http://www.percona.com) 5.6.39-83.1 started; log sequence number 1835037
2018-09-12 13:30:33 12568 [Note] InnoDB: Dumping buffer pool(s) not yet started
2018-09-12 13:30:33 6868 [Note] Plugin 'FEEDBACK' is disabled.
2018-09-12 13:30:33 6868 [Note] Server socket created on IP: '::'.
2018-09-12 13:30:33 6868 [Note] c:\xampp\mysql\bin\mysqld.exe: ready for connections.
Version: '10.1.35-MariaDB'  socket: ''  port: 3306  mariadb.org binary distribution
2018-09-12 14:20:16 32bc InnoDB: Warning: Using innodb_additional_mem_pool_size is DEPRECATED. This option may be removed in future releases, together with the option innodb_use_sys_malloc and with the InnoDB's internal memory allocator.
2018-09-12 14:20:16 12988 [Note] InnoDB: innodb_empty_free_list_algorithm has been changed to legacy because of small buffer pool size. In order to use backoff, increase buffer pool at least up to 20MB.

2018-09-12 14:20:16 12988 [Note] InnoDB: Using mutexes to ref count buffer pool pages
2018-09-12 14:20:16 12988 [Note] InnoDB: The InnoDB memory heap is disabled
2018-09-12 14:20:16 12988 [Note] InnoDB: Mutexes and rw_locks use Windows interlocked functions
2018-09-12 14:20:16 12988 [Note] InnoDB: _mm_lfence() and _mm_sfence() are used for memory barrier
2018-09-12 14:20:16 12988 [Note] InnoDB: Compressed tables use zlib 1.2.3
2018-09-12 14:20:16 12988 [Note] InnoDB: Using generic crc32 instructions
2018-09-12 14:20:16 12988 [Note] InnoDB: Initializing buffer pool, size = 16.0M
2018-09-12 14:20:16 12988 [Note] InnoDB: Completed initialization of buffer pool
2018-09-12 14:20:16 12988 [Note] InnoDB: Highest supported file format is Barracuda.
2018-09-12 14:20:16 12988 [Note] InnoDB: The log sequence number 1835037 in ibdata file do not match the log sequence number 1835441 in the ib_logfiles!
2018-09-12 14:20:16 12988 [Note] InnoDB: Restoring possible half-written data pages from the doublewrite buffer...
2018-09-12 14:20:16 12988 [Note] InnoDB: 128 rollback segment(s) are active.
2018-09-12 14:20:16 12988 [Note] InnoDB: Waiting for purge to start
2018-09-12 14:20:16 12988 [Note] InnoDB:  Percona XtraDB (http://www.percona.com) 5.6.39-83.1 started; log sequence number 1835441
2018-09-12 14:20:16 6844 [Note] InnoDB: Dumping buffer pool(s) not yet started
2018-09-12 14:20:16 12988 [Note] Plugin 'FEEDBACK' is disabled.
2018-09-12 14:20:16 12988 [Note] Server socket created on IP: '::'.
2018-09-12 14:20:16 12988 [Note] c:\xampp\mysql\bin\mysqld.exe: ready for connections.
Version: '10.1.35-MariaDB'  socket: ''  port: 3306  mariadb.org binary distribution
2018-09-12 14:33:31 241c InnoDB: Warning: Using innodb_additional_mem_pool_size is DEPRECATED. This option may be removed in future releases, together with the option innodb_use_sys_malloc and with the InnoDB's internal memory allocator.
2018-09-12 14:33:31 9244 [Note] InnoDB: innodb_empty_free_list_algorithm has been changed to legacy because of small buffer pool size. In order to use backoff, increase buffer pool at least up to 20MB.

2018-09-12 14:33:31 9244 [Note] InnoDB: Using mutexes to ref count buffer pool pages
2018-09-12 14:33:31 9244 [Note] InnoDB: The InnoDB memory heap is disabled
2018-09-12 14:33:31 9244 [Note] InnoDB: Mutexes and rw_locks use Windows interlocked functions
2018-09-12 14:33:31 9244 [Note] InnoDB: _mm_lfence() and _mm_sfence() are used for memory barrier
2018-09-12 14:33:31 9244 [Note] InnoDB: Compressed tables use zlib 1.2.3
2018-09-12 14:33:31 9244 [Note] InnoDB: Using generic crc32 instructions
2018-09-12 14:33:31 9244 [Note] InnoDB: Initializing buffer pool, size = 16.0M
2018-09-12 14:33:31 9244 [Note] InnoDB: Completed initialization of buffer pool
2018-09-12 14:33:31 9244 [Note] InnoDB: Highest supported file format is Barracuda.
2018-09-12 14:33:32 9244 [Note] InnoDB: The log sequence number 1835037 in ibdata file do not match the log sequence number 3098848 in the ib_logfiles!
2018-09-12 14:33:32 9244 [Note] InnoDB: Restoring possible half-written data pages from the doublewrite buffer...
2018-09-12 14:33:33 9244 [Note] InnoDB: 128 rollback segment(s) are active.
2018-09-12 14:33:33 9244 [Note] InnoDB: Waiting for purge to start
2018-09-12 14:33:33 9244 [Note] InnoDB:  Percona XtraDB (http://www.percona.com) 5.6.36-83.0 started; log sequence number 3098848
2018-09-12 14:33:33 15380 [Note] InnoDB: Dumping buffer pool(s) not yet started
2018-09-12 14:33:33 9244 [Note] Plugin 'FEEDBACK' is disabled.
2018-09-12 14:33:33 9244 [Note] Server socket created on IP: '::'.
2018-09-12 14:33:33 9244 [ERROR] mysqld.exe: Table '.\mysql\user' is marked as crashed and should be repaired
2018-09-12 14:33:33 9244 [Warning] Checking table:   '.\mysql\user'
2018-09-12 14:33:33 9244 [ERROR] mysql.user: 1 client is using or hasn't closed the table properly
2018-09-12 14:33:33 9244 [ERROR] mysqld.exe: Table '.\mysql\db' is marked as crashed and should be repaired
2018-09-12 14:33:33 9244 [Warning] Checking table:   '.\mysql\db'
2018-09-12 14:33:33 9244 [ERROR] mysql.db: 1 client is using or hasn't closed the table properly
2018-09-12 14:33:34 9244 [Note] c:\users\jose\desktop\xampp\mysql\bin\mysqld.exe: ready for connections.
Version: '10.1.31-MariaDB'  socket: ''  port: 3306  mariadb.org binary distribution
2018-09-12 14:41:56 3c34 InnoDB: Warning: Using innodb_additional_mem_pool_size is DEPRECATED. This option may be removed in future releases, together with the option innodb_use_sys_malloc and with the InnoDB's internal memory allocator.
2018-09-12 14:41:56 15412 [Note] InnoDB: innodb_empty_free_list_algorithm has been changed to legacy because of small buffer pool size. In order to use backoff, increase buffer pool at least up to 20MB.

2018-09-12 14:41:56 15412 [Note] InnoDB: Using mutexes to ref count buffer pool pages
2018-09-12 14:41:56 15412 [Note] InnoDB: The InnoDB memory heap is disabled
2018-09-12 14:41:56 15412 [Note] InnoDB: Mutexes and rw_locks use Windows interlocked functions
2018-09-12 14:41:56 15412 [Note] InnoDB: _mm_lfence() and _mm_sfence() are used for memory barrier
2018-09-12 14:41:56 15412 [Note] InnoDB: Compressed tables use zlib 1.2.3
2018-09-12 14:41:56 15412 [Note] InnoDB: Using generic crc32 instructions
2018-09-12 14:41:56 15412 [Note] InnoDB: Initializing buffer pool, size = 16.0M
2018-09-12 14:41:56 15412 [Note] InnoDB: Completed initialization of buffer pool
2018-09-12 14:41:57 15412 [Note] InnoDB: Highest supported file format is Barracuda.
2018-09-12 14:41:57 15412 [Note] InnoDB: The log sequence number 1835037 in ibdata file do not match the log sequence number 3110896 in the ib_logfiles!
2018-09-12 14:41:57 15412 [Note] InnoDB: Restoring possible half-written data pages from the doublewrite buffer...
2018-09-12 14:41:57 15412 [Note] InnoDB: 128 rollback segment(s) are active.
2018-09-12 14:41:57 15412 [Note] InnoDB: Waiting for purge to start
2018-09-12 14:41:57 15412 [Note] InnoDB:  Percona XtraDB (http://www.percona.com) 5.6.36-83.0 started; log sequence number 3110896
2018-09-12 14:41:58 13280 [Note] InnoDB: Dumping buffer pool(s) not yet started
2018-09-12 14:41:58 15412 [Note] Plugin 'FEEDBACK' is disabled.
2018-09-12 14:41:58 15412 [Note] Server socket created on IP: '::'.
2018-09-12 14:41:58 15412 [Note] c:\users\jose\desktop\xampp\mysql\bin\mysqld.exe: ready for connections.
Version: '10.1.31-MariaDB'  socket: ''  port: 3306  mariadb.org binary distribution
2018-09-12 14:52:37 28d0 InnoDB: Warning: Using innodb_additional_mem_pool_size is DEPRECATED. This option may be removed in future releases, together with the option innodb_use_sys_malloc and with the InnoDB's internal memory allocator.
2018-09-12 14:52:37 10448 [Note] InnoDB: innodb_empty_free_list_algorithm has been changed to legacy because of small buffer pool size. In order to use backoff, increase buffer pool at least up to 20MB.

2018-09-12 14:52:37 10448 [Note] InnoDB: Using mutexes to ref count buffer pool pages
2018-09-12 14:52:37 10448 [Note] InnoDB: The InnoDB memory heap is disabled
2018-09-12 14:52:37 10448 [Note] InnoDB: Mutexes and rw_locks use Windows interlocked functions
2018-09-12 14:52:37 10448 [Note] InnoDB: _mm_lfence() and _mm_sfence() are used for memory barrier
2018-09-12 14:52:37 10448 [Note] InnoDB: Compressed tables use zlib 1.2.3
2018-09-12 14:52:37 10448 [Note] InnoDB: Using generic crc32 instructions
2018-09-12 14:52:37 10448 [Note] InnoDB: Initializing buffer pool, size = 16.0M
2018-09-12 14:52:37 10448 [Note] InnoDB: Completed initialization of buffer pool
2018-09-12 14:52:38 10448 [Note] InnoDB: Highest supported file format is Barracuda.
2018-09-12 14:52:38 10448 [Note] InnoDB: The log sequence number 1835037 in ibdata file do not match the log sequence number 3193992 in the ib_logfiles!
2018-09-12 14:52:38 10448 [Note] InnoDB: Restoring possible half-written data pages from the doublewrite buffer...
2018-09-12 14:52:38 10448 [Note] InnoDB: 128 rollback segment(s) are active.
2018-09-12 14:52:38 10448 [Note] InnoDB: Waiting for purge to start
2018-09-12 14:52:38 10448 [Note] InnoDB:  Percona XtraDB (http://www.percona.com) 5.6.39-83.1 started; log sequence number 3193992
2018-09-12 14:52:38 8808 [Note] InnoDB: Dumping buffer pool(s) not yet started
2018-09-12 14:52:38 10448 [Note] Plugin 'FEEDBACK' is disabled.
2018-09-12 14:52:38 10448 [Note] Server socket created on IP: '::'.
2018-09-12 14:52:38 10448 [Note] c:\xampp\mysql\bin\mysqld.exe: ready for connections.
Version: '10.1.35-MariaDB'  socket: ''  port: 3306  mariadb.org binary distribution
2018-09-12 17:57:03 6b8 InnoDB: Warning: Using innodb_additional_mem_pool_size is DEPRECATED. This option may be removed in future releases, together with the option innodb_use_sys_malloc and with the InnoDB's internal memory allocator.
2018-09-12 17:57:03 1720 [Note] InnoDB: innodb_empty_free_list_algorithm has been changed to legacy because of small buffer pool size. In order to use backoff, increase buffer pool at least up to 20MB.

2018-09-12 17:57:03 1720 [Note] InnoDB: Using mutexes to ref count buffer pool pages
2018-09-12 17:57:03 1720 [Note] InnoDB: The InnoDB memory heap is disabled
2018-09-12 17:57:03 1720 [Note] InnoDB: Mutexes and rw_locks use Windows interlocked functions
2018-09-12 17:57:03 1720 [Note] InnoDB: _mm_lfence() and _mm_sfence() are used for memory barrier
2018-09-12 17:57:03 1720 [Note] InnoDB: Compressed tables use zlib 1.2.3
2018-09-12 17:57:03 1720 [Note] InnoDB: Using generic crc32 instructions
2018-09-12 17:57:03 1720 [Note] InnoDB: Initializing buffer pool, size = 16.0M
2018-09-12 17:57:03 1720 [Note] InnoDB: Completed initialization of buffer pool
2018-09-12 17:57:03 1720 [Note] InnoDB: Highest supported file format is Barracuda.
2018-09-12 17:57:03 1720 [Note] InnoDB: The log sequence number 1835037 in ibdata file do not match the log sequence number 3616653 in the ib_logfiles!
2018-09-12 17:57:03 1720 [Note] InnoDB: Restoring possible half-written data pages from the doublewrite buffer...
2018-09-12 17:57:04 1720 [Note] InnoDB: 128 rollback segment(s) are active.
2018-09-12 17:57:04 1720 [Note] InnoDB: Waiting for purge to start
2018-09-12 17:57:04 1720 [Note] InnoDB:  Percona XtraDB (http://www.percona.com) 5.6.39-83.1 started; log sequence number 3616653
2018-09-12 17:57:04 2868 [Note] InnoDB: Dumping buffer pool(s) not yet started
2018-09-12 17:57:04 1720 [Note] Plugin 'FEEDBACK' is disabled.
2018-09-12 17:57:04 1720 [Note] Server socket created on IP: '::'.
2018-09-12 17:57:04 1720 [Note] c:\xampp\mysql\bin\mysqld.exe: ready for connections.
Version: '10.1.35-MariaDB'  socket: ''  port: 3306  mariadb.org binary distribution
2018-09-13 11:50:00 2b98 InnoDB: Warning: Using innodb_additional_mem_pool_size is DEPRECATED. This option may be removed in future releases, together with the option innodb_use_sys_malloc and with the InnoDB's internal memory allocator.
2018-09-13 11:50:00 11160 [Note] InnoDB: innodb_empty_free_list_algorithm has been changed to legacy because of small buffer pool size. In order to use backoff, increase buffer pool at least up to 20MB.

2018-09-13 11:50:00 11160 [Note] InnoDB: Using mutexes to ref count buffer pool pages
2018-09-13 11:50:00 11160 [Note] InnoDB: The InnoDB memory heap is disabled
2018-09-13 11:50:00 11160 [Note] InnoDB: Mutexes and rw_locks use Windows interlocked functions
2018-09-13 11:50:00 11160 [Note] InnoDB: _mm_lfence() and _mm_sfence() are used for memory barrier
2018-09-13 11:50:00 11160 [Note] InnoDB: Compressed tables use zlib 1.2.3
2018-09-13 11:50:00 11160 [Note] InnoDB: Using generic crc32 instructions
2018-09-13 11:50:00 11160 [Note] InnoDB: Initializing buffer pool, size = 16.0M
2018-09-13 11:50:00 11160 [Note] InnoDB: Completed initialization of buffer pool
2018-09-13 11:50:00 11160 [Note] InnoDB: Highest supported file format is Barracuda.
2018-09-13 11:50:00 11160 [Note] InnoDB: The log sequence number 1835037 in ibdata file do not match the log sequence number 4611791 in the ib_logfiles!
2018-09-13 11:50:00 11160 [Note] InnoDB: Restoring possible half-written data pages from the doublewrite buffer...
2018-09-13 11:50:01 11160 [Note] InnoDB: 128 rollback segment(s) are active.
2018-09-13 11:50:01 11160 [Note] InnoDB: Waiting for purge to start
2018-09-13 11:50:01 11160 [Note] InnoDB:  Percona XtraDB (http://www.percona.com) 5.6.39-83.1 started; log sequence number 4611791
2018-09-13 11:50:01 6580 [Note] InnoDB: Dumping buffer pool(s) not yet started
2018-09-13 11:50:01 11160 [Note] Plugin 'FEEDBACK' is disabled.
2018-09-13 11:50:01 11160 [Note] Server socket created on IP: '::'.
2018-09-13 11:50:01 11160 [Note] c:\xampp\mysql\bin\mysqld.exe: ready for connections.
Version: '10.1.35-MariaDB'  socket: ''  port: 3306  mariadb.org binary distribution
2018-09-13 18:22:34 1db8 InnoDB: Warning: Using innodb_additional_mem_pool_size is DEPRECATED. This option may be removed in future releases, together with the option innodb_use_sys_malloc and with the InnoDB's internal memory allocator.
2018-09-13 18:22:34 7608 [Note] InnoDB: innodb_empty_free_list_algorithm has been changed to legacy because of small buffer pool size. In order to use backoff, increase buffer pool at least up to 20MB.

2018-09-13 18:22:34 7608 [Note] InnoDB: Using mutexes to ref count buffer pool pages
2018-09-13 18:22:34 7608 [Note] InnoDB: The InnoDB memory heap is disabled
2018-09-13 18:22:34 7608 [Note] InnoDB: Mutexes and rw_locks use Windows interlocked functions
2018-09-13 18:22:34 7608 [Note] InnoDB: _mm_lfence() and _mm_sfence() are used for memory barrier
2018-09-13 18:22:34 7608 [Note] InnoDB: Compressed tables use zlib 1.2.3
2018-09-13 18:22:34 7608 [Note] InnoDB: Using generic crc32 instructions
2018-09-13 18:22:34 7608 [Note] InnoDB: Initializing buffer pool, size = 16.0M
2018-09-13 18:22:34 7608 [Note] InnoDB: Completed initialization of buffer pool
2018-09-13 18:22:35 7608 [Note] InnoDB: Highest supported file format is Barracuda.
2018-09-13 18:22:35 7608 [Note] InnoDB: The log sequence number 1835037 in ibdata file do not match the log sequence number 6190686 in the ib_logfiles!
2018-09-13 18:22:35 7608 [Note] InnoDB: Restoring possible half-written data pages from the doublewrite buffer...
2018-09-13 18:22:36 7608 [Note] InnoDB: 128 rollback segment(s) are active.
2018-09-13 18:22:36 7608 [Note] InnoDB: Waiting for purge to start
2018-09-13 18:22:37 7608 [Note] InnoDB:  Percona XtraDB (http://www.percona.com) 5.6.36-83.0 started; log sequence number 6190686
2018-09-13 18:22:37 17656 [Note] InnoDB: Dumping buffer pool(s) not yet started
2018-09-13 18:22:37 7608 [Note] Plugin 'FEEDBACK' is disabled.
2018-09-13 18:22:37 7608 [Note] Server socket created on IP: '::'.
2018-09-13 18:22:37 7608 [Note] c:\users\jose\desktop\xampp\mysql\bin\mysqld.exe: ready for connections.
Version: '10.1.31-MariaDB'  socket: ''  port: 3306  mariadb.org binary distribution
2018-09-13 22:28:11 31b8 InnoDB: Warning: Using innodb_additional_mem_pool_size is DEPRECATED. This option may be removed in future releases, together with the option innodb_use_sys_malloc and with the InnoDB's internal memory allocator.
2018-09-13 22:28:11 12728 [Note] InnoDB: innodb_empty_free_list_algorithm has been changed to legacy because of small buffer pool size. In order to use backoff, increase buffer pool at least up to 20MB.

2018-09-13 22:28:11 12728 [Note] InnoDB: Using mutexes to ref count buffer pool pages
2018-09-13 22:28:11 12728 [Note] InnoDB: The InnoDB memory heap is disabled
2018-09-13 22:28:11 12728 [Note] InnoDB: Mutexes and rw_locks use Windows interlocked functions
2018-09-13 22:28:11 12728 [Note] InnoDB: _mm_lfence() and _mm_sfence() are used for memory barrier
2018-09-13 22:28:11 12728 [Note] InnoDB: Compressed tables use zlib 1.2.3
2018-09-13 22:28:11 12728 [Note] InnoDB: Using generic crc32 instructions
2018-09-13 22:28:11 12728 [Note] InnoDB: Initializing buffer pool, size = 16.0M
2018-09-13 22:28:11 12728 [Note] InnoDB: Completed initialization of buffer pool
2018-09-13 22:28:11 12728 [Note] InnoDB: Highest supported file format is Barracuda.
2018-09-13 22:28:11 12728 [Note] InnoDB: The log sequence number 1835037 in ibdata file do not match the log sequence number 6650396 in the ib_logfiles!
2018-09-13 22:28:11 12728 [Note] InnoDB: Restoring possible half-written data pages from the doublewrite buffer...
2018-09-13 22:28:13 12728 [Note] InnoDB: 128 rollback segment(s) are active.
2018-09-13 22:28:13 12728 [Note] InnoDB: Waiting for purge to start
2018-09-13 22:28:13 12728 [Note] InnoDB:  Percona XtraDB (http://www.percona.com) 5.6.36-83.0 started; log sequence number 6650396
2018-09-13 22:28:13 1328 [Note] InnoDB: Dumping buffer pool(s) not yet started
2018-09-13 22:28:13 12728 [Note] Plugin 'FEEDBACK' is disabled.
2018-09-13 22:28:13 12728 [Note] Server socket created on IP: '::'.
2018-09-13 22:28:14 12728 [Note] c:\users\jose\desktop\xampp\mysql\bin\mysqld.exe: ready for connections.
Version: '10.1.31-MariaDB'  socket: ''  port: 3306  mariadb.org binary distribution
2018-09-13 22:31:24 2e70 InnoDB: Warning: Using innodb_additional_mem_pool_size is DEPRECATED. This option may be removed in future releases, together with the option innodb_use_sys_malloc and with the InnoDB's internal memory allocator.
2018-09-13 22:31:24 11888 [Note] InnoDB: innodb_empty_free_list_algorithm has been changed to legacy because of small buffer pool size. In order to use backoff, increase buffer pool at least up to 20MB.

2018-09-13 22:31:24 11888 [Note] InnoDB: Using mutexes to ref count buffer pool pages
2018-09-13 22:31:24 11888 [Note] InnoDB: The InnoDB memory heap is disabled
2018-09-13 22:31:24 11888 [Note] InnoDB: Mutexes and rw_locks use Windows interlocked functions
2018-09-13 22:31:24 11888 [Note] InnoDB: _mm_lfence() and _mm_sfence() are used for memory barrier
2018-09-13 22:31:24 11888 [Note] InnoDB: Compressed tables use zlib 1.2.3
2018-09-13 22:31:24 11888 [Note] InnoDB: Using generic crc32 instructions
2018-09-13 22:31:24 11888 [Note] InnoDB: Initializing buffer pool, size = 16.0M
2018-09-13 22:31:24 11888 [Note] InnoDB: Completed initialization of buffer pool
2018-09-13 22:31:24 11888 [Note] InnoDB: Highest supported file format is Barracuda.
2018-09-13 22:31:24 11888 [Note] InnoDB: The log sequence number 1835037 in ibdata file do not match the log sequence number 6960041 in the ib_logfiles!
2018-09-13 22:31:24 11888 [Note] InnoDB: Restoring possible half-written data pages from the doublewrite buffer...
2018-09-13 22:31:26 11888 [Note] InnoDB: 128 rollback segment(s) are active.
2018-09-13 22:31:26 11888 [Note] InnoDB: Waiting for purge to start
2018-09-13 22:31:26 11888 [Note] InnoDB:  Percona XtraDB (http://www.percona.com) 5.6.36-83.0 started; log sequence number 6960041
2018-09-13 22:31:26 3584 [Note] InnoDB: Dumping buffer pool(s) not yet started
2018-09-13 22:31:26 11888 [Note] Plugin 'FEEDBACK' is disabled.
2018-09-13 22:31:26 11888 [Note] Server socket created on IP: '::'.
2018-09-13 22:31:26 11888 [Note] c:\users\jose\desktop\xampp\mysql\bin\mysqld.exe: ready for connections.
Version: '10.1.31-MariaDB'  socket: ''  port: 3306  mariadb.org binary distribution
2018-09-13 22:34:57 19b8 InnoDB: Warning: Using innodb_additional_mem_pool_size is DEPRECATED. This option may be removed in future releases, together with the option innodb_use_sys_malloc and with the InnoDB's internal memory allocator.
2018-09-13 22:34:57 6584 [Note] InnoDB: innodb_empty_free_list_algorithm has been changed to legacy because of small buffer pool size. In order to use backoff, increase buffer pool at least up to 20MB.

2018-09-13 22:34:57 6584 [Note] InnoDB: Using mutexes to ref count buffer pool pages
2018-09-13 22:34:57 6584 [Note] InnoDB: The InnoDB memory heap is disabled
2018-09-13 22:34:57 6584 [Note] InnoDB: Mutexes and rw_locks use Windows interlocked functions
2018-09-13 22:34:57 6584 [Note] InnoDB: _mm_lfence() and _mm_sfence() are used for memory barrier
2018-09-13 22:34:57 6584 [Note] InnoDB: Compressed tables use zlib 1.2.3
2018-09-13 22:34:57 6584 [Note] InnoDB: Using generic crc32 instructions
2018-09-13 22:34:57 6584 [Note] InnoDB: Initializing buffer pool, size = 16.0M
2018-09-13 22:34:57 6584 [Note] InnoDB: Completed initialization of buffer pool
2018-09-13 22:34:57 6584 [Note] InnoDB: Highest supported file format is Barracuda.
2018-09-13 22:34:57 6584 [Note] InnoDB: The log sequence number 1835037 in ibdata file do not match the log sequence number 6978545 in the ib_logfiles!
2018-09-13 22:34:57 6584 [Note] InnoDB: Restoring possible half-written data pages from the doublewrite buffer...
2018-09-13 22:34:57 6584 [Note] InnoDB: 128 rollback segment(s) are active.
2018-09-13 22:34:57 6584 [Note] InnoDB: Waiting for purge to start
2018-09-13 22:34:57 6584 [Note] InnoDB:  Percona XtraDB (http://www.percona.com) 5.6.39-83.1 started; log sequence number 6978545
2018-09-13 22:34:57 10304 [Note] InnoDB: Dumping buffer pool(s) not yet started
2018-09-13 22:34:57 6584 [Note] Plugin 'FEEDBACK' is disabled.
2018-09-13 22:34:57 6584 [Note] Server socket created on IP: '::'.
2018-09-13 22:34:58 6584 [Note] c:\xampp\mysql\bin\mysqld.exe: ready for connections.
Version: '10.1.35-MariaDB'  socket: ''  port: 3306  mariadb.org binary distribution
2018-09-13 23:01:47 20a0 InnoDB: Warning: Using innodb_additional_mem_pool_size is DEPRECATED. This option may be removed in future releases, together with the option innodb_use_sys_malloc and with the InnoDB's internal memory allocator.
2018-09-13 23:01:47 8352 [Note] InnoDB: innodb_empty_free_list_algorithm has been changed to legacy because of small buffer pool size. In order to use backoff, increase buffer pool at least up to 20MB.

2018-09-13 23:01:47 8352 [Note] InnoDB: Using mutexes to ref count buffer pool pages
2018-09-13 23:01:47 8352 [Note] InnoDB: The InnoDB memory heap is disabled
2018-09-13 23:01:47 8352 [Note] InnoDB: Mutexes and rw_locks use Windows interlocked functions
2018-09-13 23:01:47 8352 [Note] InnoDB: _mm_lfence() and _mm_sfence() are used for memory barrier
2018-09-13 23:01:47 8352 [Note] InnoDB: Compressed tables use zlib 1.2.3
2018-09-13 23:01:47 8352 [Note] InnoDB: Using generic crc32 instructions
2018-09-13 23:01:47 8352 [Note] InnoDB: Initializing buffer pool, size = 16.0M
2018-09-13 23:01:47 8352 [Note] InnoDB: Completed initialization of buffer pool
2018-09-13 23:01:47 8352 [Note] InnoDB: Highest supported file format is Barracuda.
2018-09-13 23:01:47 8352 [Note] InnoDB: The log sequence number 1835037 in ibdata file do not match the log sequence number 7035771 in the ib_logfiles!
2018-09-13 23:01:47 8352 [Note] InnoDB: Restoring possible half-written data pages from the doublewrite buffer...
2018-09-13 23:01:48 8352 [Note] InnoDB: 128 rollback segment(s) are active.
2018-09-13 23:01:48 8352 [Note] InnoDB: Waiting for purge to start
2018-09-13 23:01:48 8352 [Note] InnoDB:  Percona XtraDB (http://www.percona.com) 5.6.39-83.1 started; log sequence number 7035771
2018-09-13 23:01:48 8600 [Note] InnoDB: Dumping buffer pool(s) not yet started
2018-09-13 23:01:48 8352 [Note] Plugin 'FEEDBACK' is disabled.
2018-09-13 23:01:48 8352 [Note] Server socket created on IP: '::'.
2018-09-13 23:01:48 8352 [Note] c:\xampp\mysql\bin\mysqld.exe: ready for connections.
Version: '10.1.35-MariaDB'  socket: ''  port: 3306  mariadb.org binary distribution
2018-09-13 23:05:20 27c4 InnoDB: Warning: Using innodb_additional_mem_pool_size is DEPRECATED. This option may be removed in future releases, together with the option innodb_use_sys_malloc and with the InnoDB's internal memory allocator.
2018-09-13 23:05:20 10180 [Note] InnoDB: innodb_empty_free_list_algorithm has been changed to legacy because of small buffer pool size. In order to use backoff, increase buffer pool at least up to 20MB.

2018-09-13 23:05:20 10180 [Note] InnoDB: Using mutexes to ref count buffer pool pages
2018-09-13 23:05:20 10180 [Note] InnoDB: The InnoDB memory heap is disabled
2018-09-13 23:05:20 10180 [Note] InnoDB: Mutexes and rw_locks use Windows interlocked functions
2018-09-13 23:05:20 10180 [Note] InnoDB: _mm_lfence() and _mm_sfence() are used for memory barrier
2018-09-13 23:05:20 10180 [Note] InnoDB: Compressed tables use zlib 1.2.3
2018-09-13 23:05:20 10180 [Note] InnoDB: Using generic crc32 instructions
2018-09-13 23:05:20 10180 [Note] InnoDB: Initializing buffer pool, size = 16.0M
2018-09-13 23:05:20 10180 [Note] InnoDB: Completed initialization of buffer pool
2018-09-13 23:05:20 10180 [Note] InnoDB: Highest supported file format is Barracuda.
2018-09-13 23:05:20 10180 [Note] InnoDB: The log sequence number 1835037 in ibdata file do not match the log sequence number 7035781 in the ib_logfiles!
2018-09-13 23:05:20 10180 [Note] InnoDB: Restoring possible half-written data pages from the doublewrite buffer...
2018-09-13 23:05:20 10180 [Note] InnoDB: 128 rollback segment(s) are active.
2018-09-13 23:05:20 10180 [Note] InnoDB: Waiting for purge to start
2018-09-13 23:05:20 10180 [Note] InnoDB:  Percona XtraDB (http://www.percona.com) 5.6.39-83.1 started; log sequence number 7035781
2018-09-13 23:05:20 5032 [Note] InnoDB: Dumping buffer pool(s) not yet started
2018-09-13 23:05:20 10180 [Note] Plugin 'FEEDBACK' is disabled.
2018-09-13 23:05:20 10180 [Note] Server socket created on IP: '::'.
2018-09-13 23:05:21 10180 [Note] c:\xampp\mysql\bin\mysqld.exe: ready for connections.
Version: '10.1.35-MariaDB'  socket: ''  port: 3306  mariadb.org binary distribution
